<?xml version="1.0" encoding="UTF-8"?>
<testsuite name="todo.AppTest" tests="1" skipped="0" failures="0" errors="0" timestamp="2023-09-06T18:02:20" hostname="INL-8Z67PG3" time="0.002">
  <properties/>
  <testcase name="appHasAGreeting" classname="todo.AppTest" time="0.002"/>
  <system-out><![CDATA[]]></system-out>
  <system-err><![CDATA[]]></system-err>
</testsuite>
